c:\users\administrator\desktop\cardface2\cardface\release\qrc_res.obj
c:\users\administrator\desktop\cardface2\cardface\release\moc_setipdialog.obj
c:\users\administrator\desktop\cardface2\cardface\release\moc_searchdialog.obj
c:\users\administrator\desktop\cardface2\cardface\release\moc_mainwindow.obj
c:\users\administrator\desktop\cardface2\cardface\release\moc_logindialog.obj
c:\users\administrator\desktop\cardface2\cardface\release\moc_infdialog.obj
c:\users\administrator\desktop\cardface2\cardface\release\moc_alldata.obj
c:\users\administrator\desktop\cardface2\cardface\release\setipdialog.obj
c:\users\administrator\desktop\cardface2\cardface\release\searchdialog.obj
c:\users\administrator\desktop\cardface2\cardface\release\main.obj
c:\users\administrator\desktop\cardface2\cardface\release\logindialog.obj
c:\users\administrator\desktop\cardface2\cardface\release\infdialog.obj
c:\users\administrator\desktop\cardface2\cardface\release\alldata.obj
c:\users\administrator\desktop\cardface2\cardface\release\mainwindow.obj
c:\users\administrator\desktop\cardface2\cardface\release\moc_alldata.cpp
c:\users\administrator\desktop\cardface2\cardface\release\moc_infdialog.cpp
c:\users\administrator\desktop\cardface2\cardface\release\moc_logindialog.cpp
c:\users\administrator\desktop\cardface2\cardface\release\moc_mainwindow.cpp
c:\users\administrator\desktop\cardface2\cardface\release\moc_searchdialog.cpp
c:\users\administrator\desktop\cardface2\cardface\release\moc_setipdialog.cpp
c:\users\administrator\desktop\cardface2\cardface\ui_alldata.h
c:\users\administrator\desktop\cardface2\cardface\ui_infdialog.h
c:\users\administrator\desktop\cardface2\cardface\ui_logindialog.h
c:\users\administrator\desktop\cardface2\cardface\ui_searchdialog.h
c:\users\administrator\desktop\cardface2\cardface\ui_setipdialog.h
c:\users\administrator\desktop\cardface2\cardface\release\qrc_res.cpp
c:\users\administrator\desktop\cardface2\cardface\ui_mainwindow.h
c:\users\administrator\desktop\cardface2\bin64\cardface.exe
c:\users\administrator\desktop\cardface2\cardface\release\cardface_resource.res
c:\users\administrator\desktop\cardface2\cardface\..\bin64\cardface.exe
c:\users\administrator\desktop\cardface2\cardface\release\cardface.tlog\cl.command.1.tlog
c:\users\administrator\desktop\cardface2\cardface\release\cardface.tlog\cl.read.1.tlog
c:\users\administrator\desktop\cardface2\cardface\release\cardface.tlog\cl.write.1.tlog
c:\users\administrator\desktop\cardface2\cardface\release\cardface.tlog\custombuild.command.1.tlog
c:\users\administrator\desktop\cardface2\cardface\release\cardface.tlog\custombuild.read.1.tlog
c:\users\administrator\desktop\cardface2\cardface\release\cardface.tlog\custombuild.write.1.tlog
c:\users\administrator\desktop\cardface2\cardface\release\cardface.tlog\link.command.1.tlog
c:\users\administrator\desktop\cardface2\cardface\release\cardface.tlog\link.read.1.tlog
c:\users\administrator\desktop\cardface2\cardface\release\cardface.tlog\link.write.1.tlog
c:\users\administrator\desktop\cardface2\cardface\release\cardface.tlog\rc.command.1.tlog
c:\users\administrator\desktop\cardface2\cardface\release\cardface.tlog\rc.read.1.tlog
c:\users\administrator\desktop\cardface2\cardface\release\cardface.tlog\rc.write.1.tlog
