c:\users\administrator\desktop\cardface2\cardface\debug\vc120.pdb
c:\users\administrator\desktop\cardface2\cardface\debug\qrc_res.obj
c:\users\administrator\desktop\cardface2\cardface\debug\moc_setipdialog.obj
c:\users\administrator\desktop\cardface2\cardface\debug\moc_searchdialog.obj
c:\users\administrator\desktop\cardface2\cardface\debug\moc_mainwindow.obj
c:\users\administrator\desktop\cardface2\cardface\debug\moc_logindialog.obj
c:\users\administrator\desktop\cardface2\cardface\debug\moc_infdialog.obj
c:\users\administrator\desktop\cardface2\cardface\debug\moc_alldata.obj
c:\users\administrator\desktop\cardface2\cardface\debug\setipdialog.obj
c:\users\administrator\desktop\cardface2\cardface\debug\searchdialog.obj
c:\users\administrator\desktop\cardface2\cardface\debug\mainwindow.obj
c:\users\administrator\desktop\cardface2\cardface\debug\main.obj
c:\users\administrator\desktop\cardface2\cardface\debug\logindialog.obj
c:\users\administrator\desktop\cardface2\cardface\debug\infdialog.obj
c:\users\administrator\desktop\cardface2\cardface\debug\alldata.obj
c:\users\administrator\desktop\cardface2\cardface\debug\moc_alldata.cpp
c:\users\administrator\desktop\cardface2\cardface\debug\moc_infdialog.cpp
c:\users\administrator\desktop\cardface2\cardface\debug\moc_logindialog.cpp
c:\users\administrator\desktop\cardface2\cardface\debug\moc_mainwindow.cpp
c:\users\administrator\desktop\cardface2\cardface\debug\moc_searchdialog.cpp
c:\users\administrator\desktop\cardface2\cardface\debug\moc_setipdialog.cpp
c:\users\administrator\desktop\cardface2\cardface\ui_alldata.h
c:\users\administrator\desktop\cardface2\cardface\ui_infdialog.h
c:\users\administrator\desktop\cardface2\cardface\ui_logindialog.h
c:\users\administrator\desktop\cardface2\cardface\ui_mainwindow.h
c:\users\administrator\desktop\cardface2\cardface\ui_searchdialog.h
c:\users\administrator\desktop\cardface2\cardface\ui_setipdialog.h
c:\users\administrator\desktop\cardface2\cardface\debug\qrc_res.cpp
c:\users\administrator\desktop\cardface2\bin64\cardfaced.ilk
c:\users\administrator\desktop\cardface2\bin64\cardfaced.exe
c:\users\administrator\desktop\cardface2\bin64\cardfaced.pdb
c:\users\administrator\desktop\cardface2\cardface\debug\cardfaced_resource.res
c:\users\administrator\desktop\cardface2\cardface\..\bin64\cardfaced.exe
c:\users\administrator\desktop\cardface2\cardface\debug\cardface.tlog\cl.command.1.tlog
c:\users\administrator\desktop\cardface2\cardface\debug\cardface.tlog\cl.read.1.tlog
c:\users\administrator\desktop\cardface2\cardface\debug\cardface.tlog\cl.write.1.tlog
c:\users\administrator\desktop\cardface2\cardface\debug\cardface.tlog\custombuild.command.1.tlog
c:\users\administrator\desktop\cardface2\cardface\debug\cardface.tlog\custombuild.read.1.tlog
c:\users\administrator\desktop\cardface2\cardface\debug\cardface.tlog\custombuild.write.1.tlog
c:\users\administrator\desktop\cardface2\cardface\debug\cardface.tlog\link.command.1.tlog
c:\users\administrator\desktop\cardface2\cardface\debug\cardface.tlog\link.read.1.tlog
c:\users\administrator\desktop\cardface2\cardface\debug\cardface.tlog\link.write.1.tlog
c:\users\administrator\desktop\cardface2\cardface\debug\cardface.tlog\rc.command.1.tlog
c:\users\administrator\desktop\cardface2\cardface\debug\cardface.tlog\rc.read.1.tlog
c:\users\administrator\desktop\cardface2\cardface\debug\cardface.tlog\rc.write.1.tlog
